0 info it worked if it ends with ok
1 verbose cli [ '/usr/bin/node', '/usr/bin/npm', 'run', 'name' ]
2 info using npm@3.5.2
3 info using node@v8.10.0
4 verbose run-script [ 'prename', 'name', 'postname' ]
5 info lifecycle writerDom@1.0.0~prename: writerDom@1.0.0
6 silly lifecycle writerDom@1.0.0~prename: no script for prename, continuing
7 info lifecycle writerDom@1.0.0~name: writerDom@1.0.0
8 verbose lifecycle writerDom@1.0.0~name: unsafe-perm in lifecycle true
9 verbose lifecycle writerDom@1.0.0~name: PATH: /usr/share/npm/bin/node-gyp-bin:/opt/lampp/htdocs/writerDom/node_modules/.bin:/usr/local/sbin:/usr/local/bin:/usr/sbin:/usr/bin:/sbin:/bin:/snap/bin
10 verbose lifecycle writerDom@1.0.0~name: CWD: /opt/lampp/htdocs/writerDom
11 silly lifecycle writerDom@1.0.0~name: Args: [ '-c', 'node-sass -w scss/ -o css' ]
12 silly lifecycle writerDom@1.0.0~name: Returned: code: 126  signal: null
13 info lifecycle writerDom@1.0.0~name: Failed to exec name script
14 verbose stack Error: writerDom@1.0.0 name: `node-sass -w scss/ -o css`
14 verbose stack Exit status 126
14 verbose stack     at EventEmitter.<anonymous> (/usr/share/npm/lib/utils/lifecycle.js:232:16)
14 verbose stack     at emitTwo (events.js:126:13)
14 verbose stack     at EventEmitter.emit (events.js:214:7)
14 verbose stack     at ChildProcess.<anonymous> (/usr/share/npm/lib/utils/spawn.js:24:14)
14 verbose stack     at emitTwo (events.js:126:13)
14 verbose stack     at ChildProcess.emit (events.js:214:7)
14 verbose stack     at maybeClose (internal/child_process.js:925:16)
14 verbose stack     at Process.ChildProcess._handle.onexit (internal/child_process.js:209:5)
15 verbose pkgid writerDom@1.0.0
16 verbose cwd /opt/lampp/htdocs/writerDom
17 error Linux 4.18.0-15-generic
18 error argv "/usr/bin/node" "/usr/bin/npm" "run" "name"
19 error node v8.10.0
20 error npm  v3.5.2
21 error code ELIFECYCLE
22 error writerDom@1.0.0 name: `node-sass -w scss/ -o css`
22 error Exit status 126
23 error Failed at the writerDom@1.0.0 name script 'node-sass -w scss/ -o css'.
23 error Make sure you have the latest version of node.js and npm installed.
23 error If you do, this is most likely a problem with the writerDom package,
23 error not with npm itself.
23 error Tell the author that this fails on your system:
23 error     node-sass -w scss/ -o css
23 error You can get information on how to open an issue for this project with:
23 error     npm bugs writerDom
23 error Or if that isn't available, you can get their info via:
23 error     npm owner ls writerDom
23 error There is likely additional logging output above.
24 verbose exit [ 1, true ]
